TN:
SF:/Users/patrickmclennan/Documents/patsHelpers/src/arrays.ts
FN:1,zip
FN:3,(anonymous_3)
FN:6,(anonymous_4)
FNF:3
FNH:2
FNDA:1,zip
FNDA:2,(anonymous_3)
FNDA:0,(anonymous_4)
DA:1,1
DA:2,1
DA:4,2
DA:7,0
LF:4
LH:3
BRDA:3,0,0,1
BRDA:3,0,1,0
BRF:2
BRH:1
end_of_record
TN:
SF:/Users/patrickmclennan/Documents/patsHelpers/src/dates.ts
FN:31,datesAreEqual
FN:46,dateIsThisYear
FN:50,dateIsThisMonth
FN:58,dateIsThisWeek
FN:66,dateIsWithinRange
FN:80,monthString
FN:84,suffixedDate
FN:98,weekdayString
FNF:8
FNH:8
FNDA:2,datesAreEqual
FNDA:2,dateIsThisYear
FNDA:2,dateIsThisMonth
FNDA:2,dateIsThisWeek
FNDA:2,dateIsWithinRange
FNDA:2,monthString
FNDA:1,suffixedDate
FNDA:4,weekdayString
DA:1,1
DA:3,1
DA:13,1
DA:31,1
DA:32,2
DA:46,1
DA:47,2
DA:50,1
DA:51,2
DA:52,2
DA:58,1
DA:59,2
DA:60,2
DA:66,1
DA:71,2
DA:80,1
DA:81,2
DA:84,1
DA:85,1
DA:87,1
DA:88,0
DA:89,1
DA:90,1
DA:91,0
DA:92,0
DA:94,0
DA:98,1
DA:99,4
LF:28
LH:24
BRDA:72,0,0,2
BRDA:72,0,1,2
BRDA:81,1,0,1
BRDA:81,1,1,1
BRDA:87,2,0,0
BRDA:87,2,1,1
BRDA:87,3,0,1
BRDA:87,3,1,1
BRDA:87,3,2,1
BRDA:89,4,0,1
BRDA:89,4,1,0
BRDA:89,5,0,1
BRDA:89,5,1,1
BRDA:91,6,0,0
BRDA:91,6,1,0
BRDA:91,7,0,0
BRDA:91,7,1,0
BRDA:99,8,0,2
BRDA:99,8,1,2
BRF:19
BRH:13
end_of_record
TN:
SF:/Users/patrickmclennan/Documents/patsHelpers/src/numbers.ts
FN:1,square
FN:5,evenNumbers
FN:6,(anonymous_4)
FN:9,oddNumbers
FN:10,(anonymous_6)
FNF:5
FNH:5
FNDA:3,square
FNDA:1,evenNumbers
FNDA:11,(anonymous_4)
FNDA:1,oddNumbers
FNDA:11,(anonymous_6)
DA:1,1
DA:2,3
DA:5,1
DA:6,11
DA:9,1
DA:10,11
LF:6
LH:6
BRF:0
BRH:0
end_of_record
TN:
SF:/Users/patrickmclennan/Documents/patsHelpers/src/objects.ts
FN:1,deepClone
FNF:1
FNH:1
FNDA:3,deepClone
DA:1,1
DA:3,3
DA:4,2
DA:7,1
DA:8,0
DA:9,0
DA:10,0
DA:12,0
DA:15,1
DA:16,0
DA:17,0
DA:19,0
DA:22,1
DA:23,1
DA:25,1
DA:26,2
DA:27,2
DA:31,1
DA:34,0
LF:19
LH:11
BRDA:3,0,0,2
BRDA:3,0,1,1
BRDA:3,1,0,3
BRDA:3,1,1,3
BRDA:7,2,0,0
BRDA:7,2,1,1
BRDA:15,3,0,0
BRDA:15,3,1,1
BRDA:22,4,0,1
BRDA:22,4,1,0
BRDA:26,5,0,2
BRDA:26,5,1,0
BRF:12
BRH:8
end_of_record
TN:
SF:/Users/patrickmclennan/Documents/patsHelpers/src/strings.ts
FN:1,compareStrings
FN:5,stringIncludes
FNF:2
FNH:2
FNDA:4,compareStrings
FNDA:2,stringIncludes
DA:1,1
DA:2,4
DA:5,1
DA:6,2
LF:4
LH:4
BRF:0
BRH:0
end_of_record
